<?xml version="1.0" encoding="UTF-8"?>
<!-- Generated by org.testng.reporters.JUnitReportReporter -->
<testsuite skipped="0" hostname="LAP-RETA" name="tests.BaseClass2" tests="1" failures="0" timestamp="16 abr 2020 04:03:52 GMT" time="0.004" errors="0">
  <testcase name="sampleTest" time="0.004" classname="tests.BaseClass2"/>
</testsuite> <!-- tests.BaseClass2 -->
