<?xml version="1.0" encoding="UTF-8"?>
<!-- Generated by org.testng.reporters.JUnitReportReporter -->
<testsuite skipped="0" hostname="LAP-RETA" name="tests.BaseClass" tests="1" failures="0" timestamp="16 abr 2020 04:15:40 GMT" time="0.003" errors="0">
  <testcase name="sampleTest" time="0.003" classname="tests.BaseClass"/>
</testsuite> <!-- tests.BaseClass -->
